1000000000000000.00000000001
1000000000000000.00000000001
1000000000000000.00000000001
1000000000000000.00000000001
1000000000000000.00000000001
1000000000000000.00000000001
1000000000000000.00000000001
1000000000000000.00000000001
1000000000000000.00000000001
1000000000000000.00000000001
1000000000000000.00000000001
1000000000000000.00000000001
1000000000000000.00000000001
1000000000000000.00000000001
1000000000000000.00000000001
1000000000000000.00000000001
1000000000000000.00000000001
1000000000000000.00000000001
1000000000000000.00000000001
1000000000000000.00000000001
1000000000000000.00000000001
1000000000000000.00000000001
1000000000000000.00000000001
1000000000000000.00000000001
1000000000000000.00000000001
1000000000000000.00000000001
1000000000000000.00000000001
1000000000000000.00000000001
1000000000000000.00000000001
1000000000000000.00000000001
1000000000000000.00000000001
1000000000000000.00000000001
1000000000000000.00000000001
1000000000000000.00000000001
1000000000000000.00000000001
1000000000000000.00000000001
1000000000000000.00000000001
1000000000000000.00000000001
1000000000000000.00000000001
1000000000000000.00000000001
1000000000000000.00000000001
1000000000000000.00000000001
1000000000000000.00000000001
1000000000000000.00000000001
1000000000000000.00000000001
1000000000000000.00000000001
1000000000000000.00000000001
1000000000000000.00000000001
1000000000000000.00000000001
1000000000000000.00000000001
1000000000000000.00000000001
1000000000000000.00000000001
1000000000000000.00000000001
1000000000000000.00000000001
1000000000000000.00000000001
1000000000000000.00000000001
1000000000000000.00000000001
1000000000000000.00000000001
1000000000000000.00000000001
1000000000000000.00000000001
1000000000000000.00000000001
1000000000000000.00000000001
1000000000000000.00000000001
1000000000000000.00000000001
1000000000000000.00000000001
1000000000000000.00000000001
1000000000000000.00000000001
1000000000000000.00000000001
1000000000000000.00000000001
1000000000000000.00000000001
1000000000000000.00000000001
1000000000000000.00000000001
1000000000000000.00000000001
1000000000000000.00000000001
1000000000000000.00000000001
1000000000000000.00000000001
1000000000000000.00000000001
1000000000000000.00000000001
1000000000000000.00000000001
1000000000000000.00000000001
1000000000000000.00000000001
1000000000000000.00000000001
1000000000000000.00000000001
1000000000000000.00000000001
1000000000000000.00000000001
1000000000000000.00000000001
1000000000000000.00000000001
87
1000000000000000.00000000001
56
1000000000000000.00000000001
56
1000000000000000.00000000001
56
1000000000000000.00000000001
56
1000000000000000.00000000001
56
1000000000000000.00000000001
56
1000000000000000.00000000001
56
1000000000000000.00000000001
56
1000000000000000.00000000001
56
1000000000000000.00000000001
56
1000000000000000.00000000001
56
1000000000000000.00000000001
56
1000000000000000.00000000001
56
1000000000000000.00000000001
56
1000000000000000.00000000001
56
1000000000000000.00000000001
56
1000000000000000.00000000001
56
1000000000000000.00000000001
56
1000000000000000.00000000001
56
1000000000000000.00000000001
56
1000000000000000.00000000001
56
1000000000000000.00000000001
56
1000000000000000.00000000001
56
1000000000000000.00000000001
56
1000000000000000.00000000001
56
1000000000000000.00000000001
56
1000000000000000.00000000001
56
1000000000000000.00000000001
56
1000000000000000.00000000001
56
1000000000000000.00000000001
56
1000000000000000.00000000001
56
1000000000000000.00000000001
56
1000000000000000.00000000001
56
1000000000000000.00000000001
56
1000000000000000.00000000001
56
1000000000000000.00000000001
56
1000000000000000.00000000001

